Using pre-set license
Built from '2020.3/release' branch; Version is '2020.3.2f1 (8fd9074bf66c) revision 9427207'; Using compiler version '192528614'; Build Type 'Release'
OS: 'Windows 10 Home; OS build 19042.906; Version 2009; 64bit' Language: 'en' Physical Memory: 8173 MB
BatchMode: 1, IsHumanControllingUs: 0, StartBugReporterOnCrash: 0, Is64bit: 1, IsPro: 0

 COMMAND LINE ARGUMENTS:
C:\Program Files\Unity\Hub\Editor\2020.3.2f1\Editor\Unity.exe
-adb2
-batchMode
-noUpm
-name
AssetImportWorker0
-projectPath
E:/Datamatiker2/UnityProjects/drone_controller
-logFile
Logs/AssetImportWorker0.log
-srvPort
50929
Successfully changed project path to: E:/Datamatiker2/UnityProjects/drone_controller
E:/Datamatiker2/UnityProjects/drone_controller
Using Asset Import Pipeline V2.
Refreshing native plugins compatible for Editor in 125.50 ms, found 0 plugins.
Preloading 0 native plugins for Editor in 0.00 ms.
Initialize engine version: 2020.3.2f1 (8fd9074bf66c)
[Subsystems] Discovering subsystems at path C:/Program Files/Unity/Hub/Editor/2020.3.2f1/Editor/Data/Resources/UnitySubsystems
[Subsystems] Discovering subsystems at path E:/Datamatiker2/UnityProjects/drone_controller/Assets
GfxDevice: creating device client; threaded=0
Direct3D:
    Version:  Direct3D 11.0 [level 11.1]
    Renderer: NVIDIA GeForce GTX 1080 (ID=0x1b80)
    Vendor:   
    VRAM:     8079 MB
    Driver:   27.21.14.6589
Initialize mono
Mono path[0] = 'C:/Program Files/Unity/Hub/Editor/2020.3.2f1/Editor/Data/Managed'
Mono path[1] = 'C:/Program Files/Unity/Hub/Editor/2020.3.2f1/Editor/Data/MonoBleedingEdge/lib/mono/unityjit'
Mono config path = 'C:/Program Files/Unity/Hub/Editor/2020.3.2f1/Editor/Data/MonoBleedingEdge/etc'
Using monoOptions --debugger-agent=transport=dt_socket,embedding=1,server=y,suspend=n,address=127.0.0.1:56032
Begin MonoManager ReloadAssembly
Registering precompiled unity dll's ...
Register platform support module: C:/Program Files/Unity/Hub/Editor/2020.3.2f1/Editor/Data/PlaybackEngines/WebGLSupport/UnityEditor.WebGL.Extensions.dll
Register platform support module: C:/Program Files/Unity/Hub/Editor/2020.3.2f1/Editor/Data/PlaybackEngines/WindowsStandaloneSupport/UnityEditor.WindowsStandalone.Extensions.dll
Registered in 0.006782 seconds.
Native extension for WindowsStandalone target not found
Native extension for WebGL target not found
Refreshing native plugins compatible for Editor in 94.88 ms, found 0 plugins.
Preloading 0 native plugins for Editor in 0.00 ms.
Invoked RoslynAnalysisRunner static constructor.
RoslynAnalysisRunner will not be running.
RoslynAnalysisRunner has terminated.
Mono: successfully reloaded assembly
- Completed reload, in  7.104 seconds
Platform modules already initialized, skipping
Registering precompiled user dll's ...
Registered in 0.001135 seconds.
Begin MonoManager ReloadAssembly
Native extension for WindowsStandalone target not found
Native extension for WebGL target not found
Refreshing native plugins compatible for Editor in 75.16 ms, found 0 plugins.
Preloading 0 native plugins for Editor in 0.00 ms.
Invoked RoslynAnalysisRunner static constructor.
RoslynAnalysisRunner will not be running.
RoslynAnalysisRunner has terminated.
Mono: successfully reloaded assembly
- Completed reload, in  1.884 seconds
Platform modules already initialized, skipping
========================================================================
Worker process is ready to serve import requests
Launched and connected shader compiler UnityShaderCompiler.exe after 0.11 seconds
Refreshing native plugins compatible for Editor in 0.56 ms, found 0 plugins.
Preloading 0 native plugins for Editor in 0.00 ms.
Unloading 1533 Unused Serialized files (Serialized files now loaded: 0)
System memory in use before: 76.1 MB.
System memory in use after: 76.1 MB.

Unloading 12 unused Assets to reduce memory usage. Loaded Objects now: 1979.
Total: 3.199000 ms (FindLiveObjects: 0.249500 ms CreateObjectMapping: 0.073400 ms MarkObjects: 2.761500 ms  DeleteObjects: 0.111700 ms)

========================================================================
Received Import Request.
  path: Assets/DroneController/Code/Scripts/BaseRigidBody.cs
  artifactKey: Guid(10acdcc14f3cc694092e2644d5f713a4) Importer(815301076,1909f56bfc062723c751e8b465ee728b)
Start importing Assets/DroneController/Code/Scripts/BaseRigidBody.cs using Guid(10acdcc14f3cc694092e2644d5f713a4) Importer(815301076,1909f56bfc062723c751e8b465ee728b)  -> (artifact id: 'a9236be82dbc26f48802f986e65f046d') in 0.071689 seconds
  Import took 0.076881 seconds .

========================================================================
Received Prepare
Registering precompiled user dll's ...
Registered in 0.001497 seconds.
Begin MonoManager ReloadAssembly
Native extension for WindowsStandalone target not found
Native extension for WebGL target not found
Refreshing native plugins compatible for Editor in 0.49 ms, found 0 plugins.
Preloading 0 native plugins for Editor in 0.00 ms.
Invoked RoslynAnalysisRunner static constructor.
RoslynAnalysisRunner will not be running.
RoslynAnalysisRunner has terminated.
Mono: successfully reloaded assembly
- Completed reload, in  1.349 seconds
Platform modules already initialized, skipping
Refreshing native plugins compatible for Editor in 0.39 ms, found 0 plugins.
Preloading 0 native plugins for Editor in 0.00 ms.
Unloading 1501 Unused Serialized files (Serialized files now loaded: 0)
System memory in use before: 73.5 MB.
System memory in use after: 73.6 MB.

Unloading 5 unused Assets to reduce memory usage. Loaded Objects now: 1982.
Total: 2.435300 ms (FindLiveObjects: 0.212800 ms CreateObjectMapping: 0.070900 ms MarkObjects: 2.067600 ms  DeleteObjects: 0.081800 ms)

========================================================================
Received Import Request.
  Time since last request: 1059.821118 seconds.
  path: Assets/DroneController/Code/Scripts/BaseRigidBody.cs
  artifactKey: Guid(10acdcc14f3cc694092e2644d5f713a4) Importer(815301076,1909f56bfc062723c751e8b465ee728b)
Start importing Assets/DroneController/Code/Scripts/BaseRigidBody.cs using Guid(10acdcc14f3cc694092e2644d5f713a4) Importer(815301076,1909f56bfc062723c751e8b465ee728b)  -> (artifact id: 'a4f6e236e924e455d6bdad2f882e036e') in 0.010817 seconds
  Import took 0.014583 seconds .

========================================================================
Received Import Request.
  Time since last request: 184.391228 seconds.
  path: Assets/DroneController/Code/Scripts/DroneController.cs
  artifactKey: Guid(d2e185543af3e2e469a43c3aa2365084) Importer(815301076,1909f56bfc062723c751e8b465ee728b)
Start importing Assets/DroneController/Code/Scripts/DroneController.cs using Guid(d2e185543af3e2e469a43c3aa2365084) Importer(815301076,1909f56bfc062723c751e8b465ee728b)  -> (artifact id: 'a8241b3321d4a03336eee45c67d9a4b2') in 0.012426 seconds
  Import took 0.018411 seconds .

========================================================================
Received Prepare
Registering precompiled user dll's ...
Registered in 0.001138 seconds.
Begin MonoManager ReloadAssembly
Native extension for WindowsStandalone target not found
Native extension for WebGL target not found
Refreshing native plugins compatible for Editor in 0.41 ms, found 0 plugins.
Preloading 0 native plugins for Editor in 0.00 ms.
Invoked RoslynAnalysisRunner static constructor.
RoslynAnalysisRunner will not be running.
RoslynAnalysisRunner has terminated.
Mono: successfully reloaded assembly
- Completed reload, in  1.335 seconds
Platform modules already initialized, skipping
Refreshing native plugins compatible for Editor in 0.37 ms, found 0 plugins.
Preloading 0 native plugins for Editor in 0.00 ms.
Unloading 1502 Unused Serialized files (Serialized files now loaded: 0)
System memory in use before: 73.6 MB.
System memory in use after: 73.6 MB.

Unloading 5 unused Assets to reduce memory usage. Loaded Objects now: 1986.
Total: 2.377700 ms (FindLiveObjects: 0.278200 ms CreateObjectMapping: 0.071500 ms MarkObjects: 1.938700 ms  DeleteObjects: 0.087100 ms)

========================================================================
Received Import Request.
  Time since last request: 54.204297 seconds.
  path: Assets/DroneController/Code/Scripts/BaseRigidBody.cs
  artifactKey: Guid(10acdcc14f3cc694092e2644d5f713a4) Importer(815301076,1909f56bfc062723c751e8b465ee728b)
Start importing Assets/DroneController/Code/Scripts/BaseRigidBody.cs using Guid(10acdcc14f3cc694092e2644d5f713a4) Importer(815301076,1909f56bfc062723c751e8b465ee728b)  -> (artifact id: 'a7cd0778b1777b0bf9ca78c2df9e78e5') in 0.007069 seconds
  Import took 0.010342 seconds .

========================================================================
Received Prepare
Registering precompiled user dll's ...
Registered in 0.001116 seconds.
Begin MonoManager ReloadAssembly
Native extension for WindowsStandalone target not found
Native extension for WebGL target not found
Refreshing native plugins compatible for Editor in 0.41 ms, found 0 plugins.
Preloading 0 native plugins for Editor in 0.00 ms.
Invoked RoslynAnalysisRunner static constructor.
RoslynAnalysisRunner will not be running.
RoslynAnalysisRunner has terminated.
Mono: successfully reloaded assembly
- Completed reload, in  1.242 seconds
Platform modules already initialized, skipping
Refreshing native plugins compatible for Editor in 0.42 ms, found 0 plugins.
Preloading 0 native plugins for Editor in 0.00 ms.
Unloading 1502 Unused Serialized files (Serialized files now loaded: 0)
System memory in use before: 73.6 MB.
System memory in use after: 73.7 MB.

Unloading 5 unused Assets to reduce memory usage. Loaded Objects now: 1989.
Total: 2.794700 ms (FindLiveObjects: 0.345100 ms CreateObjectMapping: 0.093400 ms MarkObjects: 2.277300 ms  DeleteObjects: 0.076900 ms)

========================================================================
Received Import Request.
  Time since last request: 100.412505 seconds.
  path: Assets/DroneController/Code/Scripts/DroneController.cs
  artifactKey: Guid(d2e185543af3e2e469a43c3aa2365084) Importer(815301076,1909f56bfc062723c751e8b465ee728b)
Start importing Assets/DroneController/Code/Scripts/DroneController.cs using Guid(d2e185543af3e2e469a43c3aa2365084) Importer(815301076,1909f56bfc062723c751e8b465ee728b)  -> (artifact id: '2574e05a6609449e77672548abd3894b') in 0.006410 seconds
  Import took 0.010046 seconds .

========================================================================
Received Prepare
Registering precompiled user dll's ...
Registered in 0.001303 seconds.
Begin MonoManager ReloadAssembly
Native extension for WindowsStandalone target not found
Native extension for WebGL target not found
Refreshing native plugins compatible for Editor in 0.43 ms, found 0 plugins.
Preloading 0 native plugins for Editor in 0.00 ms.
Invoked RoslynAnalysisRunner static constructor.
RoslynAnalysisRunner will not be running.
RoslynAnalysisRunner has terminated.
Mono: successfully reloaded assembly
- Completed reload, in  1.287 seconds
Platform modules already initialized, skipping
Refreshing native plugins compatible for Editor in 0.38 ms, found 0 plugins.
Preloading 0 native plugins for Editor in 0.00 ms.
Unloading 1502 Unused Serialized files (Serialized files now loaded: 0)
System memory in use before: 73.6 MB.
System memory in use after: 73.7 MB.

Unloading 5 unused Assets to reduce memory usage. Loaded Objects now: 1992.
Total: 2.447800 ms (FindLiveObjects: 0.227300 ms CreateObjectMapping: 0.092700 ms MarkObjects: 2.046800 ms  DeleteObjects: 0.071300 ms)

========================================================================
Received Import Request.
  Time since last request: 763.185963 seconds.
  path: Assets/DroneController/Code/Scripts/DroneController.cs
  artifactKey: Guid(d2e185543af3e2e469a43c3aa2365084) Importer(815301076,1909f56bfc062723c751e8b465ee728b)
Start importing Assets/DroneController/Code/Scripts/DroneController.cs using Guid(d2e185543af3e2e469a43c3aa2365084) Importer(815301076,1909f56bfc062723c751e8b465ee728b)  -> (artifact id: '334e5e3aa81b9410c280271059169520') in 0.006509 seconds
  Import took 0.010788 seconds .

========================================================================
Received Import Request.
  Time since last request: 0.034503 seconds.
  path: Assets/DroneController/Code/Scripts/DroneController.cs
  artifactKey: Guid(d2e185543af3e2e469a43c3aa2365084) Importer(815301076,1909f56bfc062723c751e8b465ee728b)
Start importing Assets/DroneController/Code/Scripts/DroneController.cs using Guid(d2e185543af3e2e469a43c3aa2365084) Importer(815301076,1909f56bfc062723c751e8b465ee728b)  -> (artifact id: '334e5e3aa81b9410c280271059169520') in 0.003773 seconds
  Import took 0.007951 seconds .

========================================================================
Received Prepare
Registering precompiled user dll's ...
Registered in 0.001550 seconds.
Begin MonoManager ReloadAssembly
Native extension for WindowsStandalone target not found
Native extension for WebGL target not found
Refreshing native plugins compatible for Editor in 0.41 ms, found 0 plugins.
Preloading 0 native plugins for Editor in 0.00 ms.
Invoked RoslynAnalysisRunner static constructor.
RoslynAnalysisRunner will not be running.
RoslynAnalysisRunner has terminated.
Mono: successfully reloaded assembly
- Completed reload, in  1.453 seconds
Platform modules already initialized, skipping
Refreshing native plugins compatible for Editor in 0.55 ms, found 0 plugins.
Preloading 0 native plugins for Editor in 0.00 ms.
Unloading 1502 Unused Serialized files (Serialized files now loaded: 0)
System memory in use before: 73.6 MB.
System memory in use after: 73.7 MB.

Unloading 5 unused Assets to reduce memory usage. Loaded Objects now: 1995.
Total: 3.521700 ms (FindLiveObjects: 0.387600 ms CreateObjectMapping: 0.077700 ms MarkObjects: 2.985500 ms  DeleteObjects: 0.068700 ms)

========================================================================
Received Prepare
Registering precompiled user dll's ...
Registered in 0.001040 seconds.
Begin MonoManager ReloadAssembly
Native extension for WindowsStandalone target not found
Native extension for WebGL target not found
Refreshing native plugins compatible for Editor in 0.37 ms, found 0 plugins.
Preloading 0 native plugins for Editor in 0.00 ms.
Invoked RoslynAnalysisRunner static constructor.
RoslynAnalysisRunner will not be running.
RoslynAnalysisRunner has terminated.
Mono: successfully reloaded assembly
- Completed reload, in  1.221 seconds
Platform modules already initialized, skipping
Refreshing native plugins compatible for Editor in 0.38 ms, found 0 plugins.
Preloading 0 native plugins for Editor in 0.00 ms.
Unloading 1502 Unused Serialized files (Serialized files now loaded: 0)
System memory in use before: 73.6 MB.
System memory in use after: 73.7 MB.

Unloading 5 unused Assets to reduce memory usage. Loaded Objects now: 1998.
Total: 2.590500 ms (FindLiveObjects: 0.373400 ms CreateObjectMapping: 0.090200 ms MarkObjects: 2.051700 ms  DeleteObjects: 0.073200 ms)

========================================================================
Received Prepare
Registering precompiled user dll's ...
Registered in 0.001132 seconds.
Begin MonoManager ReloadAssembly
Native extension for WindowsStandalone target not found
Native extension for WebGL target not found
Refreshing native plugins compatible for Editor in 0.52 ms, found 0 plugins.
Preloading 0 native plugins for Editor in 0.00 ms.
Invoked RoslynAnalysisRunner static constructor.
RoslynAnalysisRunner will not be running.
RoslynAnalysisRunner has terminated.
Mono: successfully reloaded assembly
- Completed reload, in  1.258 seconds
Platform modules already initialized, skipping
Refreshing native plugins compatible for Editor in 0.37 ms, found 0 plugins.
Preloading 0 native plugins for Editor in 0.00 ms.
Unloading 1502 Unused Serialized files (Serialized files now loaded: 0)
System memory in use before: 73.6 MB.
System memory in use after: 73.7 MB.

Unloading 5 unused Assets to reduce memory usage. Loaded Objects now: 2001.
Total: 2.244900 ms (FindLiveObjects: 0.201200 ms CreateObjectMapping: 0.069800 ms MarkObjects: 1.887800 ms  DeleteObjects: 0.084200 ms)

========================================================================
Received Import Request.
  Time since last request: 490.978052 seconds.
  path: Assets/DroneController/Code/Scripts/Interfaces
  artifactKey: Guid(083d3f9bdc95a0a4f80968e3553c8ef9) Importer(815301076,1909f56bfc062723c751e8b465ee728b)
Start importing Assets/DroneController/Code/Scripts/Interfaces using Guid(083d3f9bdc95a0a4f80968e3553c8ef9) Importer(815301076,1909f56bfc062723c751e8b465ee728b)  -> (artifact id: 'b17a48a5decb4f998c8e54d693a19b61') in 0.012994 seconds
  Import took 0.017991 seconds .

========================================================================
Received Import Request.
  Time since last request: 17.476184 seconds.
  path: Assets/DroneController/Code/Scripts/Interfaces/IEngine.cs
  artifactKey: Guid(99fc020865d1b7146a4564e6cba609c5) Importer(815301076,1909f56bfc062723c751e8b465ee728b)
Start importing Assets/DroneController/Code/Scripts/Interfaces/IEngine.cs using Guid(99fc020865d1b7146a4564e6cba609c5) Importer(815301076,1909f56bfc062723c751e8b465ee728b)  -> (artifact id: 'ea19865fc7707d180fec4e9d9f6a7a9f') in 0.017546 seconds
  Import took 0.025038 seconds .

========================================================================
Received Prepare
Registering precompiled user dll's ...
Registered in 0.001128 seconds.
Begin MonoManager ReloadAssembly
Native extension for WindowsStandalone target not found
Native extension for WebGL target not found
Refreshing native plugins compatible for Editor in 0.42 ms, found 0 plugins.
Preloading 0 native plugins for Editor in 0.00 ms.
Invoked RoslynAnalysisRunner static constructor.
RoslynAnalysisRunner will not be running.
RoslynAnalysisRunner has terminated.
Mono: successfully reloaded assembly
- Completed reload, in  1.442 seconds
Platform modules already initialized, skipping
Refreshing native plugins compatible for Editor in 0.51 ms, found 0 plugins.
Preloading 0 native plugins for Editor in 0.00 ms.
Unloading 1503 Unused Serialized files (Serialized files now loaded: 0)
System memory in use before: 73.7 MB.
System memory in use after: 73.8 MB.

Unloading 5 unused Assets to reduce memory usage. Loaded Objects now: 2005.
Total: 2.563300 ms (FindLiveObjects: 0.311500 ms CreateObjectMapping: 0.075900 ms MarkObjects: 2.102600 ms  DeleteObjects: 0.071500 ms)

========================================================================
Received Prepare
Registering precompiled user dll's ...
Registered in 0.001284 seconds.
Begin MonoManager ReloadAssembly
Native extension for WindowsStandalone target not found
Native extension for WebGL target not found
Refreshing native plugins compatible for Editor in 0.38 ms, found 0 plugins.
Preloading 0 native plugins for Editor in 0.00 ms.
Invoked RoslynAnalysisRunner static constructor.
RoslynAnalysisRunner will not be running.
RoslynAnalysisRunner has terminated.
Mono: successfully reloaded assembly
- Completed reload, in  1.253 seconds
Platform modules already initialized, skipping
Refreshing native plugins compatible for Editor in 0.48 ms, found 0 plugins.
Preloading 0 native plugins for Editor in 0.00 ms.
Unloading 1503 Unused Serialized files (Serialized files now loaded: 0)
System memory in use before: 73.7 MB.
System memory in use after: 73.7 MB.

Unloading 5 unused Assets to reduce memory usage. Loaded Objects now: 2008.
Total: 2.514600 ms (FindLiveObjects: 0.189900 ms CreateObjectMapping: 0.072900 ms MarkObjects: 2.162900 ms  DeleteObjects: 0.087100 ms)

========================================================================
Received Import Request.
  Time since last request: 168.881636 seconds.
  path: Assets/DroneController/Code/Scripts/Interfaces/IEngine.cs
  artifactKey: Guid(99fc020865d1b7146a4564e6cba609c5) Importer(815301076,1909f56bfc062723c751e8b465ee728b)
Start importing Assets/DroneController/Code/Scripts/Interfaces/IEngine.cs using Guid(99fc020865d1b7146a4564e6cba609c5) Importer(815301076,1909f56bfc062723c751e8b465ee728b)  -> (artifact id: 'd685d08184854c433a19b138e44414e6') in 0.009924 seconds
  Import took 0.015793 seconds .

========================================================================
Received Import Request.
  Time since last request: 8.973045 seconds.
  path: Assets/DroneController/Code/Scripts/DroneEngine.cs
  artifactKey: Guid(822263acae5787c4b97cba728dfd587e) Importer(815301076,1909f56bfc062723c751e8b465ee728b)
Start importing Assets/DroneController/Code/Scripts/DroneEngine.cs using Guid(822263acae5787c4b97cba728dfd587e) Importer(815301076,1909f56bfc062723c751e8b465ee728b)  -> (artifact id: 'd182de0eaa738d79e18b7a0fc283826c') in 0.012333 seconds
  Import took 0.016566 seconds .

========================================================================
Received Prepare
Registering precompiled user dll's ...
Registered in 0.001275 seconds.
Begin MonoManager ReloadAssembly
Native extension for WindowsStandalone target not found
Native extension for WebGL target not found
Refreshing native plugins compatible for Editor in 0.40 ms, found 0 plugins.
Preloading 0 native plugins for Editor in 0.00 ms.
Invoked RoslynAnalysisRunner static constructor.
RoslynAnalysisRunner will not be running.
RoslynAnalysisRunner has terminated.
Mono: successfully reloaded assembly
- Completed reload, in  1.450 seconds
Platform modules already initialized, skipping
Refreshing native plugins compatible for Editor in 0.39 ms, found 0 plugins.
Preloading 0 native plugins for Editor in 0.00 ms.
Unloading 1504 Unused Serialized files (Serialized files now loaded: 0)
System memory in use before: 73.7 MB.
System memory in use after: 73.8 MB.

Unloading 5 unused Assets to reduce memory usage. Loaded Objects now: 2012.
Total: 3.108600 ms (FindLiveObjects: 0.389600 ms CreateObjectMapping: 0.085000 ms MarkObjects: 2.558200 ms  DeleteObjects: 0.073600 ms)

========================================================================
Received Import Request.
  Time since last request: 15.509930 seconds.
  path: Assets/DroneController/Code/Scripts/IPDroneInputs.cs
  artifactKey: Guid(98f0aca35c5311946b5e8c59b58c768e) Importer(815301076,1909f56bfc062723c751e8b465ee728b)
Start importing Assets/DroneController/Code/Scripts/IPDroneInputs.cs using Guid(98f0aca35c5311946b5e8c59b58c768e) Importer(815301076,1909f56bfc062723c751e8b465ee728b)  -> (artifact id: '87284f849ce4f8cfd3392d10e5ed7cd2') in 0.015478 seconds
  Import took 0.020374 seconds .

========================================================================
Received Import Request.
  Time since last request: 0.028873 seconds.
  path: Assets/DroneController/Code/Scripts/IPDroneInputs.cs
  artifactKey: Guid(98f0aca35c5311946b5e8c59b58c768e) Importer(815301076,1909f56bfc062723c751e8b465ee728b)
Start importing Assets/DroneController/Code/Scripts/IPDroneInputs.cs using Guid(98f0aca35c5311946b5e8c59b58c768e) Importer(815301076,1909f56bfc062723c751e8b465ee728b)  -> (artifact id: '87284f849ce4f8cfd3392d10e5ed7cd2') in 0.005829 seconds
  Import took 0.009648 seconds .

========================================================================
Received Prepare
Registering precompiled user dll's ...
Registered in 0.001652 seconds.
Begin MonoManager ReloadAssembly
Native extension for WindowsStandalone target not found
Native extension for WebGL target not found
Refreshing native plugins compatible for Editor in 0.37 ms, found 0 plugins.
Preloading 0 native plugins for Editor in 0.00 ms.
Invoked RoslynAnalysisRunner static constructor.
RoslynAnalysisRunner will not be running.
RoslynAnalysisRunner has terminated.
Mono: successfully reloaded assembly
- Completed reload, in  1.291 seconds
Platform modules already initialized, skipping
Refreshing native plugins compatible for Editor in 0.40 ms, found 0 plugins.
Preloading 0 native plugins for Editor in 0.00 ms.
Unloading 1504 Unused Serialized files (Serialized files now loaded: 0)
System memory in use before: 73.7 MB.
System memory in use after: 73.8 MB.

Unloading 5 unused Assets to reduce memory usage. Loaded Objects now: 2015.
Total: 2.496500 ms (FindLiveObjects: 0.190400 ms CreateObjectMapping: 0.070400 ms MarkObjects: 2.135300 ms  DeleteObjects: 0.098200 ms)

========================================================================
Received Import Request.
  Time since last request: 350.881532 seconds.
  path: Assets/DroneController/Code/Scripts/DroneEngine.cs
  artifactKey: Guid(822263acae5787c4b97cba728dfd587e) Importer(815301076,1909f56bfc062723c751e8b465ee728b)
Start importing Assets/DroneController/Code/Scripts/DroneEngine.cs using Guid(822263acae5787c4b97cba728dfd587e) Importer(815301076,1909f56bfc062723c751e8b465ee728b)  -> (artifact id: '024fd6feae12b03d97e8583908fc85c8') in 0.010705 seconds
  Import took 0.014483 seconds .

========================================================================
Received Prepare
Registering precompiled user dll's ...
Registered in 0.001137 seconds.
Begin MonoManager ReloadAssembly
Native extension for WindowsStandalone target not found
Native extension for WebGL target not found
Refreshing native plugins compatible for Editor in 0.38 ms, found 0 plugins.
Preloading 0 native plugins for Editor in 0.00 ms.
Invoked RoslynAnalysisRunner static constructor.
RoslynAnalysisRunner will not be running.
RoslynAnalysisRunner has terminated.
Mono: successfully reloaded assembly
- Completed reload, in  1.308 seconds
Platform modules already initialized, skipping
Refreshing native plugins compatible for Editor in 0.37 ms, found 0 plugins.
Preloading 0 native plugins for Editor in 0.00 ms.
Unloading 1504 Unused Serialized files (Serialized files now loaded: 0)
System memory in use before: 73.7 MB.
System memory in use after: 73.8 MB.

Unloading 5 unused Assets to reduce memory usage. Loaded Objects now: 2018.
Total: 2.270200 ms (FindLiveObjects: 0.184800 ms CreateObjectMapping: 0.071400 ms MarkObjects: 1.945700 ms  DeleteObjects: 0.066200 ms)

========================================================================
Received Import Request.
  Time since last request: 101.808007 seconds.
  path: Assets/DroneController/Code/Scripts/DroneEngine.cs
  artifactKey: Guid(822263acae5787c4b97cba728dfd587e) Importer(815301076,1909f56bfc062723c751e8b465ee728b)
Start importing Assets/DroneController/Code/Scripts/DroneEngine.cs using Guid(822263acae5787c4b97cba728dfd587e) Importer(815301076,1909f56bfc062723c751e8b465ee728b)  -> (artifact id: '28106196db88b481df72c1e8ed149928') in 0.008581 seconds
  Import took 0.013384 seconds .

========================================================================
Received Prepare
Registering precompiled user dll's ...
Registered in 0.001118 seconds.
Begin MonoManager ReloadAssembly
Native extension for WindowsStandalone target not found
Native extension for WebGL target not found
Refreshing native plugins compatible for Editor in 0.42 ms, found 0 plugins.
Preloading 0 native plugins for Editor in 0.00 ms.
Invoked RoslynAnalysisRunner static constructor.
RoslynAnalysisRunner will not be running.
RoslynAnalysisRunner has terminated.
Mono: successfully reloaded assembly
- Completed reload, in  1.544 seconds
Platform modules already initialized, skipping
Refreshing native plugins compatible for Editor in 0.37 ms, found 0 plugins.
Preloading 0 native plugins for Editor in 0.00 ms.
Unloading 1504 Unused Serialized files (Serialized files now loaded: 0)
System memory in use before: 73.7 MB.
System memory in use after: 73.8 MB.

Unloading 5 unused Assets to reduce memory usage. Loaded Objects now: 2021.
Total: 2.631500 ms (FindLiveObjects: 0.281800 ms CreateObjectMapping: 0.080400 ms MarkObjects: 2.142800 ms  DeleteObjects: 0.123700 ms)

========================================================================
Received Prepare
Registering precompiled user dll's ...
Registered in 0.001055 seconds.
Begin MonoManager ReloadAssembly
Native extension for WindowsStandalone target not found
Native extension for WebGL target not found
Refreshing native plugins compatible for Editor in 0.40 ms, found 0 plugins.
Preloading 0 native plugins for Editor in 0.00 ms.
Invoked RoslynAnalysisRunner static constructor.
RoslynAnalysisRunner will not be running.
RoslynAnalysisRunner has terminated.
Mono: successfully reloaded assembly
- Completed reload, in  1.299 seconds
Platform modules already initialized, skipping
Refreshing native plugins compatible for Editor in 0.37 ms, found 0 plugins.
Preloading 0 native plugins for Editor in 0.00 ms.
Unloading 1504 Unused Serialized files (Serialized files now loaded: 0)
System memory in use before: 73.7 MB.
System memory in use after: 73.8 MB.

Unloading 5 unused Assets to reduce memory usage. Loaded Objects now: 2024.
Total: 2.314500 ms (FindLiveObjects: 0.208100 ms CreateObjectMapping: 0.074900 ms MarkObjects: 1.968000 ms  DeleteObjects: 0.061700 ms)

========================================================================
Received Prepare
Registering precompiled user dll's ...
Registered in 0.001467 seconds.
Begin MonoManager ReloadAssembly
Native extension for WindowsStandalone target not found
Native extension for WebGL target not found
Refreshing native plugins compatible for Editor in 0.38 ms, found 0 plugins.
Preloading 0 native plugins for Editor in 0.00 ms.
Invoked RoslynAnalysisRunner static constructor.
RoslynAnalysisRunner will not be running.
RoslynAnalysisRunner has terminated.
Mono: successfully reloaded assembly
- Completed reload, in  1.237 seconds
Platform modules already initialized, skipping
Refreshing native plugins compatible for Editor in 0.41 ms, found 0 plugins.
Preloading 0 native plugins for Editor in 0.00 ms.
Unloading 1504 Unused Serialized files (Serialized files now loaded: 0)
System memory in use before: 73.7 MB.
System memory in use after: 73.8 MB.

Unloading 5 unused Assets to reduce memory usage. Loaded Objects now: 2027.
Total: 2.641900 ms (FindLiveObjects: 0.322800 ms CreateObjectMapping: 0.090900 ms MarkObjects: 2.153400 ms  DeleteObjects: 0.072500 ms)

========================================================================
Received Prepare
Registering precompiled user dll's ...
Registered in 0.001174 seconds.
Begin MonoManager ReloadAssembly
Native extension for WindowsStandalone target not found
Native extension for WebGL target not found
Refreshing native plugins compatible for Editor in 0.50 ms, found 0 plugins.
Preloading 0 native plugins for Editor in 0.00 ms.
Invoked RoslynAnalysisRunner static constructor.
RoslynAnalysisRunner will not be running.
RoslynAnalysisRunner has terminated.
Mono: successfully reloaded assembly
- Completed reload, in  1.475 seconds
Platform modules already initialized, skipping
Refreshing native plugins compatible for Editor in 0.39 ms, found 0 plugins.
Preloading 0 native plugins for Editor in 0.00 ms.
Unloading 1504 Unused Serialized files (Serialized files now loaded: 0)
System memory in use before: 73.8 MB.
System memory in use after: 73.8 MB.

Unloading 5 unused Assets to reduce memory usage. Loaded Objects now: 2030.
Total: 3.021000 ms (FindLiveObjects: 0.351500 ms CreateObjectMapping: 0.095300 ms MarkObjects: 2.499000 ms  DeleteObjects: 0.072700 ms)

========================================================================
Received Prepare
Registering precompiled user dll's ...
Registered in 0.001606 seconds.
Begin MonoManager ReloadAssembly
Native extension for WindowsStandalone target not found
Native extension for WebGL target not found
Refreshing native plugins compatible for Editor in 0.38 ms, found 0 plugins.
Preloading 0 native plugins for Editor in 0.00 ms.
Invoked RoslynAnalysisRunner static constructor.
RoslynAnalysisRunner will not be running.
RoslynAnalysisRunner has terminated.
Mono: successfully reloaded assembly
- Completed reload, in  1.241 seconds
Platform modules already initialized, skipping
Refreshing native plugins compatible for Editor in 0.40 ms, found 0 plugins.
Preloading 0 native plugins for Editor in 0.00 ms.
Unloading 1504 Unused Serialized files (Serialized files now loaded: 0)
System memory in use before: 73.8 MB.
System memory in use after: 73.8 MB.

Unloading 5 unused Assets to reduce memory usage. Loaded Objects now: 2033.
Total: 2.242700 ms (FindLiveObjects: 0.179000 ms CreateObjectMapping: 0.070800 ms MarkObjects: 1.902400 ms  DeleteObjects: 0.088800 ms)

========================================================================
Received Prepare
Registering precompiled user dll's ...
Registered in 0.001065 seconds.
Begin MonoManager ReloadAssembly
Native extension for WindowsStandalone target not found
Native extension for WebGL target not found
Refreshing native plugins compatible for Editor in 0.38 ms, found 0 plugins.
Preloading 0 native plugins for Editor in 0.00 ms.
Invoked RoslynAnalysisRunner static constructor.
RoslynAnalysisRunner will not be running.
RoslynAnalysisRunner has terminated.
Mono: successfully reloaded assembly
- Completed reload, in  1.201 seconds
Platform modules already initialized, skipping
Refreshing native plugins compatible for Editor in 0.41 ms, found 0 plugins.
Preloading 0 native plugins for Editor in 0.00 ms.
Unloading 1504 Unused Serialized files (Serialized files now loaded: 0)
System memory in use before: 73.8 MB.
System memory in use after: 73.8 MB.

Unloading 5 unused Assets to reduce memory usage. Loaded Objects now: 2036.
Total: 2.384400 ms (FindLiveObjects: 0.217100 ms CreateObjectMapping: 0.077600 ms MarkObjects: 2.022600 ms  DeleteObjects: 0.065300 ms)

========================================================================
Received Prepare
Registering precompiled user dll's ...
Registered in 0.001300 seconds.
Begin MonoManager ReloadAssembly
Native extension for WindowsStandalone target not found
Native extension for WebGL target not found
Refreshing native plugins compatible for Editor in 0.48 ms, found 0 plugins.
Preloading 0 native plugins for Editor in 0.00 ms.
Invoked RoslynAnalysisRunner static constructor.
RoslynAnalysisRunner will not be running.
RoslynAnalysisRunner has terminated.
Mono: successfully reloaded assembly
- Completed reload, in  1.825 seconds
Platform modules already initialized, skipping
Refreshing native plugins compatible for Editor in 0.46 ms, found 0 plugins.
Preloading 0 native plugins for Editor in 0.00 ms.
Unloading 1504 Unused Serialized files (Serialized files now loaded: 0)
System memory in use before: 73.8 MB.
System memory in use after: 73.9 MB.

Unloading 5 unused Assets to reduce memory usage. Loaded Objects now: 2039.
Total: 3.051800 ms (FindLiveObjects: 0.388400 ms CreateObjectMapping: 0.116700 ms MarkObjects: 2.450900 ms  DeleteObjects: 0.093400 ms)

========================================================================
Received Import Request.
  Time since last request: 11025.663517 seconds.
  path: Assets/DroneController/Input/Drone-Inputs.inputactions
  artifactKey: Guid(8c258dd69f58ad2448f140624d6927ad) Importer(815301076,1909f56bfc062723c751e8b465ee728b)
Start importing Assets/DroneController/Input/Drone-Inputs.inputactions using Guid(8c258dd69f58ad2448f140624d6927ad) Importer(815301076,1909f56bfc062723c751e8b465ee728b)  -> (artifact id: 'e9d539199c6a3d431996d10edfbeb6cf') in 0.059643 seconds
  Import took 0.064283 seconds .

========================================================================
Received Prepare
Registering precompiled user dll's ...
Registered in 0.001077 seconds.
Begin MonoManager ReloadAssembly
Native extension for WindowsStandalone target not found
Native extension for WebGL target not found
Refreshing native plugins compatible for Editor in 0.38 ms, found 0 plugins.
Preloading 0 native plugins for Editor in 0.00 ms.
Invoked RoslynAnalysisRunner static constructor.
RoslynAnalysisRunner will not be running.
RoslynAnalysisRunner has terminated.
Mono: successfully reloaded assembly
- Completed reload, in  1.242 seconds
Platform modules already initialized, skipping
Refreshing native plugins compatible for Editor in 0.43 ms, found 0 plugins.
Preloading 0 native plugins for Editor in 0.00 ms.
Unloading 1504 Unused Serialized files (Serialized files now loaded: 0)
System memory in use before: 73.8 MB.
System memory in use after: 73.9 MB.

Unloading 5 unused Assets to reduce memory usage. Loaded Objects now: 2042.
Total: 2.333800 ms (FindLiveObjects: 0.205600 ms CreateObjectMapping: 0.084400 ms MarkObjects: 1.942400 ms  DeleteObjects: 0.099600 ms)

========================================================================
Received Import Request.
  Time since last request: 176.876870 seconds.
  path: Assets/DroneController/Input/Drone-Inputs.inputactions
  artifactKey: Guid(8c258dd69f58ad2448f140624d6927ad) Importer(815301076,1909f56bfc062723c751e8b465ee728b)
Start importing Assets/DroneController/Input/Drone-Inputs.inputactions using Guid(8c258dd69f58ad2448f140624d6927ad) Importer(815301076,1909f56bfc062723c751e8b465ee728b)  -> (artifact id: '7df057baec7c73462f7c6e9f9ed65e98') in 0.034846 seconds
  Import took 0.039380 seconds .

========================================================================
Received Prepare
Registering precompiled user dll's ...
Registered in 0.001115 seconds.
Begin MonoManager ReloadAssembly
Native extension for WindowsStandalone target not found
Native extension for WebGL target not found
Refreshing native plugins compatible for Editor in 0.41 ms, found 0 plugins.
Preloading 0 native plugins for Editor in 0.00 ms.
Invoked RoslynAnalysisRunner static constructor.
RoslynAnalysisRunner will not be running.
RoslynAnalysisRunner has terminated.
Mono: successfully reloaded assembly
- Completed reload, in  1.401 seconds
Platform modules already initialized, skipping
Refreshing native plugins compatible for Editor in 0.41 ms, found 0 plugins.
Preloading 0 native plugins for Editor in 0.00 ms.
Unloading 1504 Unused Serialized files (Serialized files now loaded: 0)
System memory in use before: 73.8 MB.
System memory in use after: 73.9 MB.

Unloading 5 unused Assets to reduce memory usage. Loaded Objects now: 2045.
Total: 3.410900 ms (FindLiveObjects: 0.318000 ms CreateObjectMapping: 0.207000 ms MarkObjects: 2.794000 ms  DeleteObjects: 0.089800 ms)

========================================================================
Received Prepare
Registering precompiled user dll's ...
Registered in 0.001113 seconds.
Begin MonoManager ReloadAssembly
Native extension for WindowsStandalone target not found
Native extension for WebGL target not found
Refreshing native plugins compatible for Editor in 0.39 ms, found 0 plugins.
Preloading 0 native plugins for Editor in 0.00 ms.
Invoked RoslynAnalysisRunner static constructor.
RoslynAnalysisRunner will not be running.
RoslynAnalysisRunner has terminated.
Mono: successfully reloaded assembly
- Completed reload, in  1.258 seconds
Platform modules already initialized, skipping
Refreshing native plugins compatible for Editor in 0.40 ms, found 0 plugins.
Preloading 0 native plugins for Editor in 0.00 ms.
Unloading 1504 Unused Serialized files (Serialized files now loaded: 0)
System memory in use before: 73.8 MB.
System memory in use after: 73.9 MB.

Unloading 5 unused Assets to reduce memory usage. Loaded Objects now: 2048.
Total: 3.069700 ms (FindLiveObjects: 0.389300 ms CreateObjectMapping: 0.111200 ms MarkObjects: 2.485900 ms  DeleteObjects: 0.081100 ms)

========================================================================
Received Prepare
Registering precompiled user dll's ...
Registered in 0.001109 seconds.
Begin MonoManager ReloadAssembly
Native extension for WindowsStandalone target not found
Native extension for WebGL target not found
Refreshing native plugins compatible for Editor in 0.41 ms, found 0 plugins.
Preloading 0 native plugins for Editor in 0.00 ms.
Invoked RoslynAnalysisRunner static constructor.
RoslynAnalysisRunner will not be running.
RoslynAnalysisRunner has terminated.
Mono: successfully reloaded assembly
- Completed reload, in  1.285 seconds
Platform modules already initialized, skipping
Refreshing native plugins compatible for Editor in 0.56 ms, found 0 plugins.
Preloading 0 native plugins for Editor in 0.00 ms.
Unloading 1504 Unused Serialized files (Serialized files now loaded: 0)
System memory in use before: 73.8 MB.
System memory in use after: 73.9 MB.

Unloading 5 unused Assets to reduce memory usage. Loaded Objects now: 2051.
Total: 2.416600 ms (FindLiveObjects: 0.198000 ms CreateObjectMapping: 0.071900 ms MarkObjects: 2.071500 ms  DeleteObjects: 0.073100 ms)

========================================================================
Received Prepare
Registering precompiled user dll's ...
Registered in 0.001275 seconds.
Begin MonoManager ReloadAssembly
Native extension for WindowsStandalone target not found
Native extension for WebGL target not found
Refreshing native plugins compatible for Editor in 0.41 ms, found 0 plugins.
Preloading 0 native plugins for Editor in 0.00 ms.
Invoked RoslynAnalysisRunner static constructor.
RoslynAnalysisRunner will not be running.
RoslynAnalysisRunner has terminated.
Mono: successfully reloaded assembly
- Completed reload, in  1.611 seconds
Platform modules already initialized, skipping
Refreshing native plugins compatible for Editor in 0.40 ms, found 0 plugins.
Preloading 0 native plugins for Editor in 0.00 ms.
Unloading 1504 Unused Serialized files (Serialized files now loaded: 0)
System memory in use before: 73.8 MB.
System memory in use after: 73.9 MB.

Unloading 5 unused Assets to reduce memory usage. Loaded Objects now: 2054.
Total: 5.646100 ms (FindLiveObjects: 1.213200 ms CreateObjectMapping: 0.340300 ms MarkObjects: 4.016300 ms  DeleteObjects: 0.073300 ms)

========================================================================
Received Prepare
Registering precompiled user dll's ...
Registered in 0.001079 seconds.
Begin MonoManager ReloadAssembly
Native extension for WindowsStandalone target not found
Native extension for WebGL target not found
Refreshing native plugins compatible for Editor in 0.38 ms, found 0 plugins.
Preloading 0 native plugins for Editor in 0.00 ms.
Invoked RoslynAnalysisRunner static constructor.
RoslynAnalysisRunner will not be running.
RoslynAnalysisRunner has terminated.
Mono: successfully reloaded assembly
- Completed reload, in  1.481 seconds
Platform modules already initialized, skipping
Refreshing native plugins compatible for Editor in 0.38 ms, found 0 plugins.
Preloading 0 native plugins for Editor in 0.00 ms.
Unloading 1504 Unused Serialized files (Serialized files now loaded: 0)
System memory in use before: 73.8 MB.
System memory in use after: 73.9 MB.

Unloading 5 unused Assets to reduce memory usage. Loaded Objects now: 2057.
Total: 2.295500 ms (FindLiveObjects: 0.192100 ms CreateObjectMapping: 0.071300 ms MarkObjects: 1.967300 ms  DeleteObjects: 0.062700 ms)

========================================================================
Received Import Request.
  Time since last request: 2574.873199 seconds.
  path: Assets/DroneController/Code/Scripts/DroneEngine.cs
  artifactKey: Guid(822263acae5787c4b97cba728dfd587e) Importer(815301076,1909f56bfc062723c751e8b465ee728b)
Start importing Assets/DroneController/Code/Scripts/DroneEngine.cs using Guid(822263acae5787c4b97cba728dfd587e) Importer(815301076,1909f56bfc062723c751e8b465ee728b)  -> (artifact id: '8fc36ece8a35bb79b8100a788eb7c7f3') in 0.017655 seconds
  Import took 0.022371 seconds .

========================================================================
Received Import Request.
  Time since last request: 0.031279 seconds.
  path: Assets/DroneController/Code/Scripts/DroneEngine.cs
  artifactKey: Guid(822263acae5787c4b97cba728dfd587e) Importer(815301076,1909f56bfc062723c751e8b465ee728b)
Start importing Assets/DroneController/Code/Scripts/DroneEngine.cs using Guid(822263acae5787c4b97cba728dfd587e) Importer(815301076,1909f56bfc062723c751e8b465ee728b)  -> (artifact id: '8fc36ece8a35bb79b8100a788eb7c7f3') in 0.003179 seconds
  Import took 0.006544 seconds .

========================================================================
Received Prepare
Registering precompiled user dll's ...
Registered in 0.001649 seconds.
Begin MonoManager ReloadAssembly
Native extension for WindowsStandalone target not found
Native extension for WebGL target not found
Refreshing native plugins compatible for Editor in 0.37 ms, found 0 plugins.
Preloading 0 native plugins for Editor in 0.00 ms.
Invoked RoslynAnalysisRunner static constructor.
RoslynAnalysisRunner will not be running.
RoslynAnalysisRunner has terminated.
Mono: successfully reloaded assembly
- Completed reload, in  1.268 seconds
Platform modules already initialized, skipping
Refreshing native plugins compatible for Editor in 0.43 ms, found 0 plugins.
Preloading 0 native plugins for Editor in 0.00 ms.
Unloading 1504 Unused Serialized files (Serialized files now loaded: 0)
System memory in use before: 73.8 MB.
System memory in use after: 73.9 MB.

Unloading 5 unused Assets to reduce memory usage. Loaded Objects now: 2060.
Total: 4.055700 ms (FindLiveObjects: 0.341000 ms CreateObjectMapping: 0.076900 ms MarkObjects: 3.531500 ms  DeleteObjects: 0.103600 ms)

========================================================================
Received Import Request.
  Time since last request: 331.352201 seconds.
  path: Assets/DroneController/Code/Scripts/DroneEngine.cs
  artifactKey: Guid(822263acae5787c4b97cba728dfd587e) Importer(815301076,1909f56bfc062723c751e8b465ee728b)
Start importing Assets/DroneController/Code/Scripts/DroneEngine.cs using Guid(822263acae5787c4b97cba728dfd587e) Importer(815301076,1909f56bfc062723c751e8b465ee728b)  -> (artifact id: 'a521c6480795ecc6b4ca1b0ae50a532f') in 0.008688 seconds
  Import took 0.014628 seconds .

========================================================================
Received Prepare
Registering precompiled user dll's ...
Registered in 0.001131 seconds.
Begin MonoManager ReloadAssembly
Native extension for WindowsStandalone target not found
Native extension for WebGL target not found
Refreshing native plugins compatible for Editor in 0.38 ms, found 0 plugins.
Preloading 0 native plugins for Editor in 0.00 ms.
Invoked RoslynAnalysisRunner static constructor.
RoslynAnalysisRunner will not be running.
RoslynAnalysisRunner has terminated.
Mono: successfully reloaded assembly
- Completed reload, in  1.344 seconds
Platform modules already initialized, skipping
Refreshing native plugins compatible for Editor in 0.47 ms, found 0 plugins.
Preloading 0 native plugins for Editor in 0.00 ms.
Unloading 1504 Unused Serialized files (Serialized files now loaded: 0)
System memory in use before: 73.8 MB.
System memory in use after: 73.9 MB.

Unloading 5 unused Assets to reduce memory usage. Loaded Objects now: 2063.
Total: 2.662900 ms (FindLiveObjects: 0.245200 ms CreateObjectMapping: 0.070600 ms MarkObjects: 2.271500 ms  DeleteObjects: 0.073800 ms)

========================================================================
Received Prepare
Registering precompiled user dll's ...
Registered in 0.001109 seconds.
Begin MonoManager ReloadAssembly
Native extension for WindowsStandalone target not found
Native extension for WebGL target not found
Refreshing native plugins compatible for Editor in 0.48 ms, found 0 plugins.
Preloading 0 native plugins for Editor in 0.00 ms.
Invoked RoslynAnalysisRunner static constructor.
RoslynAnalysisRunner will not be running.
RoslynAnalysisRunner has terminated.
Mono: successfully reloaded assembly
- Completed reload, in  1.478 seconds
Platform modules already initialized, skipping
Refreshing native plugins compatible for Editor in 0.39 ms, found 0 plugins.
Preloading 0 native plugins for Editor in 0.00 ms.
Unloading 1504 Unused Serialized files (Serialized files now loaded: 0)
System memory in use before: 73.9 MB.
System memory in use after: 73.9 MB.

Unloading 5 unused Assets to reduce memory usage. Loaded Objects now: 2066.
Total: 2.482300 ms (FindLiveObjects: 0.235500 ms CreateObjectMapping: 0.086200 ms MarkObjects: 2.084400 ms  DeleteObjects: 0.074400 ms)

AssetImportWorkerClient::OnTransportError - code=2 error=End of file
